C51 COMPILER V9.54   BEEP                                                                  02/07/2024 17:13:35 PAGE 1   


C51 COMPILER V9.54, COMPILATION OF MODULE BEEP
OBJECT MODULE PLACED IN .\Objects\Beep.obj
COMPILER INVOKED BY: D:\KEILC51\C51\BIN\C51.EXE Beep.c LARGE OPTIMIZE(8,SPEED) BROWSE DEBUG OBJECTEXTEND PRINT(.\Listing
                    -s\Beep.lst) TABS(2) OBJECT(.\Objects\Beep.obj)

line level    source

   1          #include "project.h"
   2          
   3          void beep(u16 time)
   4          {
   5   1        u16 i=20;
   6   1        while(i--)
   7   1        {
   8   2          BEEP=1;
   9   2          delay_10us(0.5*time);// —” ±
  10   2          BEEP=0;
  11   2          delay_10us(0.5*time);// —” ±
  12   2        }  
  13   1        BEEP=0;
  14   1      }


MODULE INFORMATION:   STATIC OVERLAYABLE
   CODE SIZE        =     92    ----
   CONSTANT SIZE    =   ----    ----
   XDATA SIZE       =   ----       4
   PDATA SIZE       =   ----    ----
   DATA SIZE        =   ----    ----
   IDATA SIZE       =   ----    ----
   BIT SIZE         =   ----    ----
END OF MODULE INFORMATION.


C51 COMPILATION COMPLETE.  0 WARNING(S),  0 ERROR(S)
