C51 COMPILER V9.54   FUNCTION                                                              02/07/2024 17:13:34 PAGE 1   


C51 COMPILER V9.54, COMPILATION OF MODULE FUNCTION
OBJECT MODULE PLACED IN .\Objects\Function.obj
COMPILER INVOKED BY: D:\KEILC51\C51\BIN\C51.EXE Function.c LARGE OPTIMIZE(8,SPEED) BROWSE DEBUG OBJECTEXTEND PRINT(.\Lis
                    -tings\Function.lst) TABS(2) OBJECT(.\Objects\Function.obj)

line level    source

   1          #include "project.h"
   2          
   3          extern u8 FLAG;
   4          extern u8 SLOT;
   5          int i=0;
   6          
   7          void Delay(u16 xms)   //@11.0592MHz
   8          {
   9   1        u8 i, j;
  10   1        while(xms)
  11   1        {
  12   2          xms--;
  13   2          _nop_();
  14   2          i = 2;
  15   2          j = 199;
  16   2          do
  17   2          {
  18   3            while (--j);
  19   3          } while (--i);
  20   2        }
  21   1      }
  22          
  23          void delay_10us(u16 time)
  24          {
  25   1        while(time--);
  26   1      }
  27          
  28          
  29          void DisplayL_R(u8 A[])
  30          {
  31   1        u8 i = 0;
  32   1        for(i=1;i<=8;i++)
  33   1        DigitalTube(i,A[i-1]);
  34   1      }
  35          
  36          void DisplayR_L(u8 A[])
  37          {
  38   1        u8 i = 0;
  39   1        for(i=1;i<=8;i++)
  40   1        DigitalTube(i,A[8-i]);
  41   1      }
  42          
  43          void DisplayLedMatrix(u8 A[])
  44          {
  45   1        u8 i = 0;
  46   1        for(i=0;i<8;i++)
  47   1        LedDotMatrix_show(i,A[i]);
  48   1      }
  49          
  50          void DisplayOperate()
  51          {
  52   1        u8 ADD[8]={0x18,0x18,0x18,0xFF,0xFF,0x18,0x18,0x18};
  53   1        u8 SUB[8]={0x18,0x18,0x18,0x18,0x18,0x18,0x18,0x18};
  54   1        u8 MUL[8]={0x00,0x41,0x22,0x14,0x08,0x14,0x22,0x41};
C51 COMPILER V9.54   FUNCTION                                                              02/07/2024 17:13:34 PAGE 2   

  55   1        u8 DIV[8]={0x18,0x18,0x18,0xDB,0xDB,0x18,0x18,0x18};
  56   1        
  57   1        u16 time=20;
  58   1      
  59   1        switch(SLOT)
  60   1        {
  61   2          case 0: _74HC595_WriteByte(0x00);break;
  62   2          case 1: while(time--){DisplayLedMatrix(ADD);} break;
  63   2          case 2: while(time--){DisplayLedMatrix(SUB);} break;
  64   2          case 3: while(time--){DisplayLedMatrix(MUL);} break;
  65   2          case 4: while(time--){DisplayLedMatrix(DIV);} break;
  66   2          default: _74HC595_WriteByte(0x00);break;
  67   2        }
  68   1        
  69   1        _74HC595_WriteByte(0x00);
  70   1        
  71   1      }
  72            
  73          void Tips(int option,int number)
  74          {             
  75   1        for(i=0;i<number;i++)
  76   1        {
  77   2          int time =80;
  78   2          while(time--)
  79   2          {
  80   3            switch(option)
  81   3            {
  82   4              case 0: DigitalTube(3,16);
  83   4                      DigitalTube(4,14);
  84   4                      DigitalTube(5,18);
  85   4                      DigitalTube(6,18);
  86   4                      DigitalTube(7,0);
  87   4                      break;
  88   4              case 1: DigitalTube(2,23);
  89   4                      DigitalTube(3,17);
  90   4                      DigitalTube(4,14);
  91   4                      DigitalTube(6,23);
  92   4                      DigitalTube(7,17);
  93   4                      DigitalTube(8,14);
  94   4                      break;
  95   4            }
  96   3          }
  97   2          Delay(500);
  98   2        }
  99   1      }
 100            
 101          
 102          
 103          
 104          
 105          
 106          
 107          


MODULE INFORMATION:   STATIC OVERLAYABLE
   CODE SIZE        =    627    ----
   CONSTANT SIZE    =     32    ----
   XDATA SIZE       =      2      52
   PDATA SIZE       =   ----    ----
   DATA SIZE        =   ----    ----
   IDATA SIZE       =   ----    ----
C51 COMPILER V9.54   FUNCTION                                                              02/07/2024 17:13:34 PAGE 3   

   BIT SIZE         =   ----    ----
END OF MODULE INFORMATION.


C51 COMPILATION COMPLETE.  0 WARNING(S),  0 ERROR(S)
