C51 COMPILER V9.54   LEDDOTSCREEN                                                          02/07/2024 17:13:35 PAGE 1   


C51 COMPILER V9.54, COMPILATION OF MODULE LEDDOTSCREEN
OBJECT MODULE PLACED IN .\Objects\LedDotScreen.obj
COMPILER INVOKED BY: D:\KEILC51\C51\BIN\C51.EXE LedDotScreen.c LARGE OPTIMIZE(8,SPEED) BROWSE DEBUG OBJECTEXTEND PRINT(.
                    -\Listings\LedDotScreen.lst) TABS(2) OBJECT(.\Objects\LedDotScreen.obj)

line level    source

   1          #include "project.h"
   2          
   3          
   4          
   5          
   6          
   7          void _74HC595_WriteByte(u8 Byte)
   8          {
   9   1        u8 i=0;
  10   1        for(i=0;i<8;i++)
  11   1        {
  12   2          SER=Byte&(0x80>>i);   //把Byte从高位到低位，依次送到SER
  13   2          SCK=1;                //SCK每来一个时钟上升沿，移一个位
  14   2          SCK=0;
  15   2        }
  16   1        RCK=1;                  //RCK每来一个时钟上升沿，将SER中的数据并行输出
  17   1        RCK=0;
  18   1      }
  19          
  20          
  21          void LedDotMatrix_show(u8 Column,u8 Data)
  22          {
  23   1        _74HC595_WriteByte(Data);    //整行写入Data
  24   1        P0=~(0x80>>Column);          //选中第Column列
  25   1        Delay(1);                    //延时
  26   1        _74HC595_WriteByte(0x00);                     //消影
  27   1      }
  28          


MODULE INFORMATION:   STATIC OVERLAYABLE
   CODE SIZE        =     81    ----
   CONSTANT SIZE    =   ----    ----
   XDATA SIZE       =   ----    ----
   PDATA SIZE       =   ----    ----
   DATA SIZE        =   ----    ----
   IDATA SIZE       =   ----    ----
   BIT SIZE         =   ----    ----
END OF MODULE INFORMATION.


C51 COMPILATION COMPLETE.  0 WARNING(S),  0 ERROR(S)
