C51 COMPILER V9.54   LEDLIGHT                                                              02/07/2024 17:13:35 PAGE 1   


C51 COMPILER V9.54, COMPILATION OF MODULE LEDLIGHT
OBJECT MODULE PLACED IN .\Objects\LedLight.obj
COMPILER INVOKED BY: D:\KEILC51\C51\BIN\C51.EXE LedLight.c LARGE OPTIMIZE(8,SPEED) BROWSE DEBUG OBJECTEXTEND PRINT(.\Lis
                    -tings\LedLight.lst) TABS(2) OBJECT(.\Objects\LedLight.obj)

line level    source

   1          #include "project.h"
   2          
   3          
   4          void LEDflow(u16 number,u16 time)
   5          {
   6   1        while(number)
   7   1        {
   8   2          int i=0;
   9   2          for(i=0;i<8;i++)
  10   2          {
  11   3            LED_PORT=~(0x01<<i);
  12   3            Delay(time);
  13   3          }
  14   2          number--;
  15   2        }
  16   1      }


MODULE INFORMATION:   STATIC OVERLAYABLE
   CODE SIZE        =    113    ----
   CONSTANT SIZE    =   ----    ----
   XDATA SIZE       =   ----       6
   PDATA SIZE       =   ----    ----
   DATA SIZE        =   ----    ----
   IDATA SIZE       =   ----    ----
   BIT SIZE         =   ----    ----
END OF MODULE INFORMATION.


C51 COMPILATION COMPLETE.  0 WARNING(S),  0 ERROR(S)
